<?xml version="1.0" encoding="UTF-8"?>
<testng-results ignored="0" total="2" passed="2" failed="0" skipped="0">
  <reporter-output>
    <line>
      <![CDATA[chrome launched]]>
    </line>
    <line>
      <![CDATA[Title Matched]]>
    </line>
    <line>
      <![CDATA[-----Script is passed-----]]>
    </line>
    <line>
      <![CDATA[chrome launched]]>
    </line>
    <line>
      <![CDATA[Title Matched]]>
    </line>
    <line>
      <![CDATA[-----Script is passed-----]]>
    </line>
  </reporter-output>
  <suite started-at="2023-07-18T14:35:03 IST" name="Suite" finished-at="2023-07-18T14:35:20 IST" duration-ms="16388">
    <groups>
    </groups>
    <test started-at="2023-07-18T14:35:03 IST" name="Test" finished-at="2023-07-18T14:35:20 IST" duration-ms="16388">
      <class name="com.kula.testscripts.TestHarness">
        <test-method is-config="true" signature="setUp(java.lang.String,java.lang.String)[pri:0, instance:com.kula.testscripts.TestHarness@5b12b668]" started-at="2023-07-18T14:35:03 IST" name="setUp" finished-at="2023-07-18T14:35:09 IST" duration-ms="6120" status="PASS">
          <params>
            <param index="0">
              <value>
                <![CDATA[chrome]]>
              </value>
            </param>
            <param index="1">
              <value>
                <![CDATA[https://www.hubspot.com/]]>
              </value>
            </param>
          </params>
          <reporter-output>
            <line>
              <![CDATA[chrome launched]]>
            </line>
          </reporter-output>
        </test-method> <!-- setUp -->
        <test-method signature="goToMarketingHub()[pri:0, instance:com.kula.testscripts.TestHarness@5b12b668]" started-at="2023-07-18T14:35:09 IST" name="goToMarketingHub" finished-at="2023-07-18T14:35:12 IST" duration-ms="2346" status="PASS">
          <reporter-output>
            <line>
              <![CDATA[Title Matched]]>
            </line>
          </reporter-output>
        </test-method> <!-- goToMarketingHub -->
        <test-method is-config="true" signature="afterCondition(org.testng.ITestResult)[pri:0, instance:com.kula.testscripts.TestHarness@5b12b668]" started-at="2023-07-18T14:35:12 IST" name="afterCondition" finished-at="2023-07-18T14:35:12 IST" duration-ms="1" status="PASS">
          <params>
            <param index="0">
              <value>
                <![CDATA[[TestResult name=goToMarketingHub status=SUCCESS method=TestHarness.goToMarketingHub()[pri:0, instance:com.kula.testscripts.TestHarness@5b12b668] output=Title Matched]]]>
              </value>
            </param>
          </params>
          <reporter-output>
            <line>
              <![CDATA[-----Script is passed-----]]>
            </line>
          </reporter-output>
        </test-method> <!-- afterCondition -->
        <test-method is-config="true" signature="setUp(java.lang.String,java.lang.String)[pri:0, instance:com.kula.testscripts.TestHarness@5b12b668]" started-at="2023-07-18T14:35:12 IST" name="setUp" finished-at="2023-07-18T14:35:17 IST" duration-ms="5538" status="PASS">
          <params>
            <param index="0">
              <value>
                <![CDATA[chrome]]>
              </value>
            </param>
            <param index="1">
              <value>
                <![CDATA[https://www.hubspot.com/]]>
              </value>
            </param>
          </params>
          <reporter-output>
            <line>
              <![CDATA[chrome launched]]>
            </line>
          </reporter-output>
        </test-method> <!-- setUp -->
        <test-method signature="goToSalesHub()[pri:0, instance:com.kula.testscripts.TestHarness@5b12b668]" started-at="2023-07-18T14:35:17 IST" name="goToSalesHub" finished-at="2023-07-18T14:35:19 IST" duration-ms="2336" status="PASS">
          <reporter-output>
            <line>
              <![CDATA[Title Matched]]>
            </line>
          </reporter-output>
        </test-method> <!-- goToSalesHub -->
        <test-method is-config="true" signature="afterCondition(org.testng.ITestResult)[pri:0, instance:com.kula.testscripts.TestHarness@5b12b668]" started-at="2023-07-18T14:35:19 IST" name="afterCondition" finished-at="2023-07-18T14:35:20 IST" duration-ms="2" status="PASS">
          <params>
            <param index="0">
              <value>
                <![CDATA[[TestResult name=goToSalesHub status=SUCCESS method=TestHarness.goToSalesHub()[pri:0, instance:com.kula.testscripts.TestHarness@5b12b668] output=Title Matched]]]>
              </value>
            </param>
          </params>
          <reporter-output>
            <line>
              <![CDATA[-----Script is passed-----]]>
            </line>
          </reporter-output>
        </test-method> <!-- afterCondition -->
        <test-method is-config="true" signature="tearDown()[pri:0, instance:com.kula.testscripts.TestHarness@5b12b668]" started-at="2023-07-18T14:35:20 IST" name="tearDown" finished-at="2023-07-18T14:35:20 IST" duration-ms="0" status="PASS">
          <reporter-output>
          </reporter-output>
        </test-method> <!-- tearDown -->
      </class> <!-- com.kula.testscripts.TestHarness -->
    </test> <!-- Test -->
  </suite> <!-- Suite -->
</testng-results>
