<?xml version="1.0" encoding="UTF-8"?>
<testng-results ignored="0" total="1" passed="1" failed="0" skipped="0">
  <reporter-output>
    <line>
      <![CDATA[chrome launched]]>
    </line>
    <line>
      <![CDATA[Login successfull]]>
    </line>
    <line>
      <![CDATA[-----Script is passed-----]]>
    </line>
  </reporter-output>
  <suite started-at="2023-07-14T15:10:26 IST" name="Suite" finished-at="2023-07-14T15:11:04 IST" duration-ms="37771">
    <groups>
    </groups>
    <test started-at="2023-07-14T15:10:26 IST" name="Test" finished-at="2023-07-14T15:11:04 IST" duration-ms="37771">
      <class name="com.kula.testscripts.TestHarness">
        <test-method is-config="true" signature="setUp(java.lang.String,java.lang.String)[pri:0, instance:com.kula.testscripts.TestHarness@445b295b]" started-at="2023-07-14T15:10:26 IST" name="setUp" finished-at="2023-07-14T15:10:46 IST" duration-ms="20063" status="PASS">
          <params>
            <param index="0">
              <value>
                <![CDATA[chrome]]>
              </value>
            </param>
            <param index="1">
              <value>
                <![CDATA[https://www.odoo.com/]]>
              </value>
            </param>
          </params>
          <reporter-output>
            <line>
              <![CDATA[chrome launched]]>
            </line>
          </reporter-output>
        </test-method> <!-- setUp -->
        <test-method signature="validLogin()[pri:0, instance:com.kula.testscripts.TestHarness@445b295b]" started-at="2023-07-14T15:10:46 IST" name="validLogin" finished-at="2023-07-14T15:11:04 IST" duration-ms="17643" status="PASS">
          <reporter-output>
            <line>
              <![CDATA[Login successfull]]>
            </line>
          </reporter-output>
        </test-method> <!-- validLogin -->
        <test-method is-config="true" signature="afterCondition(org.testng.ITestResult)[pri:0, instance:com.kula.testscripts.TestHarness@445b295b]" started-at="2023-07-14T15:11:04 IST" name="afterCondition" finished-at="2023-07-14T15:11:04 IST" duration-ms="2" status="PASS">
          <params>
            <param index="0">
              <value>
                <![CDATA[[TestResult name=validLogin status=SUCCESS method=TestHarness.validLogin()[pri:0, instance:com.kula.testscripts.TestHarness@445b295b] output=Login successfull]]]>
              </value>
            </param>
          </params>
          <reporter-output>
            <line>
              <![CDATA[-----Script is passed-----]]>
            </line>
          </reporter-output>
        </test-method> <!-- afterCondition -->
        <test-method is-config="true" signature="tearDown()[pri:0, instance:com.kula.testscripts.TestHarness@445b295b]" started-at="2023-07-14T15:11:04 IST" name="tearDown" finished-at="2023-07-14T15:11:04 IST" duration-ms="3" status="PASS">
          <reporter-output>
          </reporter-output>
        </test-method> <!-- tearDown -->
      </class> <!-- com.kula.testscripts.TestHarness -->
    </test> <!-- Test -->
  </suite> <!-- Suite -->
</testng-results>
